[0m16:00:20.372020 [debug] [MainThread]: Sending event: {'category': 'dbt', 'action': 'invocation', 'label': 'start', 'context': [<snowplow_tracker.self_describing_json.SelfDescribingJson object at 0x000001A4F7A65070>, <snowplow_tracker.self_describing_json.SelfDescribingJson object at 0x000001A4F826E150>, <snowplow_tracker.self_describing_json.SelfDescribingJson object at 0x000001A4F826F860>]}


============================== 16:00:20.372020 | 1f69b7a5-80e3-4901-b1a5-07f70b260bac ==============================
[0m16:00:20.372020 [info ] [MainThread]: Running with dbt=1.10.15
[0m16:00:20.382205 [debug] [MainThread]: running dbt with arguments {'version_check': 'True', 'no_print': 'None', 'static_parser': 'True', 'warn_error_options': 'WarnErrorOptionsV2(error=[], warn=[], silence=[])', 'target_path': 'None', 'printer_width': '80', 'write_json': 'True', 'empty': 'None', 'log_cache_events': 'False', 'introspect': 'True', 'cache_selected_only': 'False', 'fail_fast': 'False', 'debug': 'False', 'log_format': 'default', 'profiles_dir': 'C:\\Users\\ANIKET\\.dbt', 'send_anonymous_usage_stats': 'True', 'quiet': 'False', 'warn_error': 'None', 'partial_parse': 'True', 'use_colors': 'True', 'invocation_command': 'dbt init dbt_stocks', 'indirect_selection': 'eager', 'use_experimental_parser': 'False', 'log_path': 'logs'}
[0m16:00:20.433925 [debug] [MainThread]: Starter project path: C:\Users\ANIKET\real-time-stocks\venv\Lib\site-packages\dbt\include\starter_project
[0m16:00:20.491178 [info ] [MainThread]: 
Your new dbt project "dbt_stocks" was created!

For more information on how to configure the profiles.yml file,
please consult the dbt documentation here:

  https://docs.getdbt.com/docs/configure-your-profile

One more thing:

Need help? Don't hesitate to reach out to us via GitHub issues or on Slack:

  https://community.getdbt.com/

Happy modeling!

[0m16:00:20.492215 [info ] [MainThread]: Setting up your profile.
[0m16:02:03.356825 [debug] [MainThread]: Snowflake adapter: Setting snowflake.connector to ERROR (file logging only)
[0m16:02:03.366654 [debug] [MainThread]: Snowflake adapter: Setting botocore to ERROR (file logging only)
[0m16:02:03.366654 [debug] [MainThread]: Snowflake adapter: Setting boto3 to ERROR (file logging only)
[0m16:27:50.175307 [info ] [MainThread]: Profile dbt_stocks written to C:\Users\ANIKET\.dbt\profiles.yml using target's profile_template.yml and your supplied values. Run 'dbt debug' to validate the connection.
[0m16:27:50.248968 [debug] [MainThread]: Command `dbt init` succeeded at 16:27:50.248968 after 1650.17 seconds
[0m16:27:50.262202 [debug] [MainThread]: Sending event: {'category': 'dbt', 'action': 'invocation', 'label': 'end', 'context': [<snowplow_tracker.self_describing_json.SelfDescribingJson object at 0x000001A4F87A9BB0>, <snowplow_tracker.self_describing_json.SelfDescribingJson object at 0x000001A4FAAC3B00>, <snowplow_tracker.self_describing_json.SelfDescribingJson object at 0x000001A4FAC5BFB0>]}
[0m16:27:50.267554 [debug] [MainThread]: Flushing usage events
[0m16:27:51.817498 [debug] [MainThread]: An error was encountered while trying to flush usage events
